{"level":"error","message":"{\"isException\":true,\"status\":400,\"name\":\"Bad Request Exception\"}","timestamp":"2026-04-23T23:06:34.345Z"}
{"level":"error","message":"{\"isException\":true,\"status\":400,\"name\":\"Bad Request Exception\"}","timestamp":"2026-04-23T23:06:49.398Z"}
{"level":"error","message":"{\"isException\":true,\"status\":400,\"name\":\"Bad Request Exception\"}","timestamp":"2026-04-23T23:07:37.987Z"}
{"level":"error","message":"{\"isException\":true,\"status\":400,\"name\":\"Bad Request Exception\"}","timestamp":"2026-04-23T23:07:51.820Z"}
{"level":"error","message":"{\"isException\":true,\"status\":400,\"name\":\"Bad Request Exception\"}","timestamp":"2026-04-23T23:14:22.400Z"}
{"level":"error","message":"{\"isException\":true,\"status\":404,\"name\":\"Not Found Exception\"}","timestamp":"2026-04-23T23:16:20.642Z"}
{"level":"error","message":"{\"view\":{\"defaultEngine\":\"hbs\",\"ext\":\".hbs\",\"name\":\"/forgot-password\",\"root\":\"/home/kebyu/Desktop/qr-menu/src/views\"}}","timestamp":"2026-04-23T23:16:25.559Z"}
{"level":"error","message":"{\"view\":{\"defaultEngine\":\"hbs\",\"ext\":\".hbs\",\"name\":\"/forgot-password\",\"root\":\"/home/kebyu/Desktop/qr-menu/src/views\"}}","timestamp":"2026-04-23T23:16:34.446Z"}
{"level":"error","message":"{}","timestamp":"2026-04-23T23:16:47.769Z"}
{"level":"error","message":"{\"isException\":true,\"status\":404,\"name\":\"Not Found Exception\"}","timestamp":"2026-04-23T23:16:53.294Z"}
{"level":"error","message":"{}","timestamp":"2026-04-23T23:16:54.542Z"}
{"level":"error","message":"{}","timestamp":"2026-04-23T23:16:57.332Z"}
{"level":"error","message":"{\"isException\":true,\"status\":404,\"name\":\"Not Found Exception\"}","timestamp":"2026-04-23T23:18:27.611Z"}
{"level":"error","message":"{\"isException\":true,\"status\":404,\"name\":\"Not Found Exception\"}","timestamp":"2026-04-23T23:18:30.810Z"}
{"level":"error","message":"{\"view\":{\"defaultEngine\":\"hbs\",\"ext\":\".hbs\",\"name\":\"/forgot-password\",\"root\":\"/home/kebyu/Desktop/qr-menu/src/views\"}}","timestamp":"2026-04-23T23:18:34.512Z"}
{"level":"error","message":"{}","timestamp":"2026-04-23T23:44:50.476Z"}
{"level":"error","message":"{}","timestamp":"2026-04-23T23:46:57.881Z"}
{"level":"error","message":"{}","timestamp":"2026-04-23T23:47:52.623Z"}
{"level":"error","message":"{}","timestamp":"2026-04-23T23:50:44.825Z"}
{"level":"error","message":"{}","timestamp":"2026-04-23T23:50:45.404Z"}
{"level":"error","message":"{}","timestamp":"2026-04-23T23:50:45.611Z"}
{"level":"error","message":"{}","timestamp":"2026-04-23T23:50:45.821Z"}
{"level":"error","message":"{}","timestamp":"2026-04-23T23:50:46.018Z"}
{"level":"error","message":"{}","timestamp":"2026-04-23T23:50:46.207Z"}
{"level":"error","message":"{}","timestamp":"2026-04-23T23:50:46.388Z"}
{"level":"error","message":"{}","timestamp":"2026-04-23T23:50:46.588Z"}
{"level":"error","message":"{}","timestamp":"2026-04-23T23:50:46.804Z"}
{"level":"error","message":"{\"view\":{\"defaultEngine\":\"hbs\",\"ext\":\".hbs\",\"name\":\"/login\",\"root\":\"/home/kebyu/Desktop/qr-menu/src/views\"}}","timestamp":"2026-04-24T00:00:41.754Z"}
{"level":"error","message":"{\"isException\":true,\"status\":409,\"name\":\"Conflict Exception\"}","timestamp":"2026-04-24T00:06:35.345Z"}
{"level":"error","message":"{\"isException\":true,\"status\":409,\"name\":\"Conflict Exception\"}","timestamp":"2026-04-24T00:06:53.365Z"}
{"level":"error","message":"{\"isException\":true,\"status\":409,\"name\":\"Conflict Exception\"}","timestamp":"2026-04-24T00:07:37.180Z"}
{"level":"error","message":"{\"isException\":true,\"status\":409,\"name\":\"Conflict Exception\"}","timestamp":"2026-04-24T00:08:12.877Z"}
{"level":"error","message":"{\"isException\":true,\"status\":409,\"name\":\"Conflict Exception\"}","timestamp":"2026-04-24T00:08:24.245Z"}
{"level":"error","message":"{\"isException\":true,\"status\":404,\"name\":\"Not Found Exception\"}","timestamp":"2026-04-24T05:52:40.473Z"}
{"level":"error","message":"{\"isException\":true,\"status\":404,\"name\":\"Not Found Exception\"}","timestamp":"2026-04-24T05:52:40.497Z"}
{"level":"error","message":"{\"isException\":true,\"status\":404,\"name\":\"Not Found Exception\"}","timestamp":"2026-04-24T05:52:40.513Z"}
{"level":"error","message":"{\"isException\":true,\"status\":404,\"name\":\"Not Found Exception\"}","timestamp":"2026-04-24T05:52:40.528Z"}
{"level":"error","message":"{\"isException\":true,\"status\":404,\"name\":\"Not Found Exception\"}","timestamp":"2026-04-24T05:52:40.546Z"}
{"level":"error","message":"{\"isException\":true,\"status\":404,\"name\":\"Not Found Exception\"}","timestamp":"2026-04-24T05:52:40.575Z"}
{"level":"error","message":"{\"isException\":true,\"status\":404,\"name\":\"Not Found Exception\"}","timestamp":"2026-04-24T05:52:40.613Z"}
{"level":"error","message":"{\"isException\":true,\"status\":404,\"name\":\"Not Found Exception\"}","timestamp":"2026-04-24T05:52:40.642Z"}
{"level":"error","message":"{\"isException\":true,\"status\":404,\"name\":\"Not Found Exception\"}","timestamp":"2026-04-24T05:52:40.659Z"}
{"level":"error","message":"{\"isException\":true,\"status\":404,\"name\":\"Not Found Exception\"}","timestamp":"2026-04-24T05:52:40.677Z"}
{"level":"error","message":"{\"isException\":true,\"status\":404,\"name\":\"Not Found Exception\"}","timestamp":"2026-04-24T05:52:40.692Z"}
{"level":"error","message":"{\"isException\":true,\"status\":404,\"name\":\"Not Found Exception\"}","timestamp":"2026-04-24T05:52:40.709Z"}
{"level":"error","message":"{\"isException\":true,\"status\":404,\"name\":\"Not Found Exception\"}","timestamp":"2026-04-24T05:52:40.727Z"}
{"level":"error","message":"{\"isException\":true,\"status\":404,\"name\":\"Not Found Exception\"}","timestamp":"2026-04-24T05:52:40.746Z"}
{"level":"error","message":"{\"isException\":true,\"status\":404,\"name\":\"Not Found Exception\"}","timestamp":"2026-04-24T05:52:40.761Z"}
{"level":"error","message":"{\"isException\":true,\"status\":404,\"name\":\"Not Found Exception\"}","timestamp":"2026-04-24T05:52:40.773Z"}
{"level":"error","message":"{\"isException\":true,\"status\":404,\"name\":\"Not Found Exception\"}","timestamp":"2026-04-24T05:52:40.787Z"}
{"level":"error","message":"{\"isException\":true,\"status\":404,\"name\":\"Not Found Exception\"}","timestamp":"2026-04-24T05:52:40.800Z"}
{"level":"error","message":"{\"isException\":true,\"status\":404,\"name\":\"Not Found Exception\"}","timestamp":"2026-04-24T05:52:40.817Z"}
{"level":"error","message":"{\"isException\":true,\"status\":404,\"name\":\"Not Found Exception\"}","timestamp":"2026-04-24T05:52:40.829Z"}
